0 verbose cli /opt/homebrew/Cellar/node/25.1.0_1/bin/node /opt/homebrew/bin/npm
1 info using npm@11.6.2
2 info using node@v25.1.0
3 silly config load:file:/opt/homebrew/lib/node_modules/npm/npmrc
4 silly config load:file:/Users/macbook/Desktop/2lapswebsite/.npmrc
5 silly config load:file:/Users/macbook/.npmrc
6 silly config load:file:/opt/homebrew/etc/npmrc
7 verbose title npm install
8 verbose argv "install" "--cache" ".npm-cache"
9 verbose logfile logs-max:10 dir:/Users/macbook/Desktop/2lapswebsite/.npm-cache/_logs/2025-12-11T12_24_50_028Z-
10 verbose logfile /Users/macbook/Desktop/2lapswebsite/.npm-cache/_logs/2025-12-11T12_24_50_028Z-debug-0.log
11 silly logfile done cleaning log files
12 silly packumentCache heap:4496293888 maxSize:1124073472 maxEntrySize:562036736
13 silly idealTree buildDeps
14 silly fetch manifest papaparse@^5.4.1
15 silly packumentCache full:https://registry.npmjs.org/papaparse cache-miss
16 http fetch GET 200 https://registry.npmjs.org/papaparse 119ms (cache miss)
17 silly packumentCache full:https://registry.npmjs.org/papaparse set size:undefined disposed:false
18 silly fetch manifest recharts@^2.12.2
19 silly packumentCache full:https://registry.npmjs.org/recharts cache-miss
20 http fetch GET 200 https://registry.npmjs.org/recharts 116ms (cache miss)
21 silly packumentCache full:https://registry.npmjs.org/recharts set size:undefined disposed:false
22 silly fetch manifest react@19.2.0
23 silly packumentCache full:https://registry.npmjs.org/react cache-miss
24 http fetch GET 200 https://registry.npmjs.org/react 330ms (cache miss)
25 silly packumentCache full:https://registry.npmjs.org/react set size:undefined disposed:false
26 silly fetch manifest react-dom@19.2.0
27 silly packumentCache full:https://registry.npmjs.org/react-dom cache-miss
28 http fetch GET 200 https://registry.npmjs.org/react-dom 375ms (cache miss)
29 silly packumentCache full:https://registry.npmjs.org/react-dom set size:undefined disposed:false
30 silly fetch manifest xlsx@^0.18.5
31 silly packumentCache full:https://registry.npmjs.org/xlsx cache-miss
32 http fetch GET 200 https://registry.npmjs.org/xlsx 78ms (cache miss)
33 silly packumentCache full:https://registry.npmjs.org/xlsx set size:undefined disposed:false
34 silly placeDep ROOT papaparse@5.5.3 OK for: twolaps-landing@0.1.0 want: ^5.4.1
35 silly placeDep ROOT recharts@2.15.4 OK for: twolaps-landing@0.1.0 want: ^2.12.2
36 silly placeDep ROOT xlsx@0.18.5 OK for: twolaps-landing@0.1.0 want: ^0.18.5
37 silly fetch manifest clsx@^2.0.0
38 silly packumentCache full:https://registry.npmjs.org/clsx cache-miss
39 silly fetch manifest lodash@^4.17.21
40 silly packumentCache full:https://registry.npmjs.org/lodash cache-miss
41 silly fetch manifest react-is@^18.3.1
42 silly packumentCache full:https://registry.npmjs.org/react-is cache-miss
43 silly fetch manifest react-smooth@^4.0.4
44 silly packumentCache full:https://registry.npmjs.org/react-smooth cache-miss
45 silly fetch manifest eventemitter3@^4.0.1
46 silly packumentCache full:https://registry.npmjs.org/eventemitter3 cache-miss
47 silly fetch manifest recharts-scale@^0.4.4
48 silly packumentCache full:https://registry.npmjs.org/recharts-scale cache-miss
49 silly fetch manifest tiny-invariant@^1.3.1
50 silly packumentCache full:https://registry.npmjs.org/tiny-invariant cache-miss
51 http fetch GET 200 https://registry.npmjs.org/clsx 44ms (cache miss)
52 silly packumentCache full:https://registry.npmjs.org/clsx set size:undefined disposed:false
53 silly fetch manifest victory-vendor@^36.6.8
54 silly packumentCache full:https://registry.npmjs.org/victory-vendor cache-miss
55 http fetch GET 200 https://registry.npmjs.org/recharts-scale 76ms (cache miss)
56 silly packumentCache full:https://registry.npmjs.org/recharts-scale set size:undefined disposed:false
57 silly fetch manifest cfb@~1.2.1
58 silly packumentCache full:https://registry.npmjs.org/cfb cache-miss
59 http fetch GET 200 https://registry.npmjs.org/eventemitter3 85ms (cache miss)
60 silly packumentCache full:https://registry.npmjs.org/eventemitter3 set size:undefined disposed:false
61 silly fetch manifest ssf@~0.11.2
62 silly packumentCache full:https://registry.npmjs.org/ssf cache-miss
63 http fetch GET 200 https://registry.npmjs.org/lodash 90ms (cache miss)
64 silly packumentCache full:https://registry.npmjs.org/lodash set size:undefined disposed:false
65 silly fetch manifest wmf@~1.0.1
66 silly packumentCache full:https://registry.npmjs.org/wmf cache-miss
67 http fetch GET 200 https://registry.npmjs.org/tiny-invariant 127ms (cache miss)
68 silly packumentCache full:https://registry.npmjs.org/tiny-invariant set size:undefined disposed:false
69 silly fetch manifest word@~0.3.0
70 silly packumentCache full:https://registry.npmjs.org/word cache-miss
71 http fetch GET 200 https://registry.npmjs.org/react-smooth 142ms (cache miss)
72 silly packumentCache full:https://registry.npmjs.org/react-smooth set size:undefined disposed:false
73 silly fetch manifest crc-32@~1.2.1
74 silly packumentCache full:https://registry.npmjs.org/crc-32 cache-miss
75 http fetch GET 200 https://registry.npmjs.org/victory-vendor 104ms (cache miss)
76 silly packumentCache full:https://registry.npmjs.org/victory-vendor set size:undefined disposed:false
77 silly fetch manifest adler-32@~1.3.0
78 silly packumentCache full:https://registry.npmjs.org/adler-32 cache-miss
79 http fetch GET 200 https://registry.npmjs.org/cfb 73ms (cache miss)
80 silly packumentCache full:https://registry.npmjs.org/cfb set size:undefined disposed:false
81 silly fetch manifest codepage@~1.15.0
82 silly packumentCache full:https://registry.npmjs.org/codepage cache-miss
83 http fetch GET 200 https://registry.npmjs.org/wmf 76ms (cache miss)
84 silly packumentCache full:https://registry.npmjs.org/wmf set size:undefined disposed:false
85 http fetch GET 200 https://registry.npmjs.org/ssf 140ms (cache miss)
86 silly packumentCache full:https://registry.npmjs.org/ssf set size:undefined disposed:false
87 http fetch GET 200 https://registry.npmjs.org/word 101ms (cache miss)
88 silly packumentCache full:https://registry.npmjs.org/word set size:undefined disposed:false
89 http fetch GET 200 https://registry.npmjs.org/crc-32 93ms (cache miss)
90 silly packumentCache full:https://registry.npmjs.org/crc-32 set size:undefined disposed:false
91 http fetch GET 200 https://registry.npmjs.org/adler-32 123ms (cache miss)
92 silly packumentCache full:https://registry.npmjs.org/adler-32 set size:undefined disposed:false
93 http fetch GET 200 https://registry.npmjs.org/react-is 399ms (cache miss)
94 silly packumentCache full:https://registry.npmjs.org/react-is set size:undefined disposed:false
95 http fetch GET 200 https://registry.npmjs.org/codepage 558ms (cache miss)
96 silly packumentCache full:https://registry.npmjs.org/codepage set size:undefined disposed:false
97 silly fetch manifest react@^16.0.0 || ^17.0.0 || ^18.0.0 || ^19.0.0
98 silly packumentCache full:https://registry.npmjs.org/react cache-miss
99 http cache https://registry.npmjs.org/react 9ms (cache hit)
100 silly packumentCache full:https://registry.npmjs.org/react set size:6320654 disposed:false
101 silly fetch manifest react-dom@^16.0.0 || ^17.0.0 || ^18.0.0 || ^19.0.0
102 silly packumentCache full:https://registry.npmjs.org/react-dom cache-miss
103 http cache https://registry.npmjs.org/react-dom 13ms (cache hit)
104 silly packumentCache full:https://registry.npmjs.org/react-dom set size:8303213 disposed:false
105 silly placeDep ROOT clsx@2.1.1 OK for: recharts@2.15.4 want: ^2.0.0
106 silly placeDep ROOT eventemitter3@4.0.7 OK for: recharts@2.15.4 want: ^4.0.1
107 silly placeDep ROOT lodash@4.17.21 OK for: recharts@2.15.4 want: ^4.17.21
108 silly placeDep node_modules/recharts react-is@18.3.1 OK for: recharts@2.15.4 want: ^18.3.1
109 silly placeDep ROOT react-smooth@4.0.4 OK for: recharts@2.15.4 want: ^4.0.4
110 silly placeDep ROOT recharts-scale@0.4.5 OK for: recharts@2.15.4 want: ^0.4.4
111 silly placeDep ROOT tiny-invariant@1.3.3 OK for: recharts@2.15.4 want: ^1.3.1
112 silly placeDep ROOT victory-vendor@36.9.2 OK for: recharts@2.15.4 want: ^36.6.8
113 silly fetch manifest fast-equals@^5.0.1
114 silly packumentCache full:https://registry.npmjs.org/fast-equals cache-miss
115 silly fetch manifest react-transition-group@^4.4.5
116 silly packumentCache full:https://registry.npmjs.org/react-transition-group cache-miss
117 silly fetch manifest decimal.js-light@^2.4.1
118 silly packumentCache full:https://registry.npmjs.org/decimal.js-light cache-miss
119 silly fetch manifest d3-ease@^3.0.1
120 silly packumentCache full:https://registry.npmjs.org/d3-ease cache-miss
121 silly fetch manifest d3-time@^3.0.0
122 silly packumentCache full:https://registry.npmjs.org/d3-time cache-miss
123 silly fetch manifest d3-array@^3.1.6
124 silly packumentCache full:https://registry.npmjs.org/d3-array cache-miss
125 silly fetch manifest d3-scale@^4.0.2
126 silly packumentCache full:https://registry.npmjs.org/d3-scale cache-miss
127 http fetch GET 200 https://registry.npmjs.org/d3-ease 41ms (cache miss)
128 silly packumentCache full:https://registry.npmjs.org/d3-ease set size:undefined disposed:false
129 silly fetch manifest d3-shape@^3.1.0
130 silly packumentCache full:https://registry.npmjs.org/d3-shape cache-miss
131 http fetch GET 200 https://registry.npmjs.org/fast-equals 48ms (cache miss)
132 silly packumentCache full:https://registry.npmjs.org/fast-equals set size:undefined disposed:false
133 silly fetch manifest d3-timer@^3.0.1
134 silly packumentCache full:https://registry.npmjs.org/d3-timer cache-miss
135 http fetch GET 200 https://registry.npmjs.org/d3-array 74ms (cache miss)
136 silly packumentCache full:https://registry.npmjs.org/d3-array set size:undefined disposed:false
137 silly fetch manifest @types/d3-ease@^3.0.0
138 silly packumentCache full:https://registry.npmjs.org/@types%2fd3-ease cache-miss
139 http fetch GET 200 https://registry.npmjs.org/decimal.js-light 75ms (cache miss)
140 silly packumentCache full:https://registry.npmjs.org/decimal.js-light set size:undefined disposed:false
141 silly fetch manifest @types/d3-time@^3.0.0
142 silly packumentCache full:https://registry.npmjs.org/@types%2fd3-time cache-miss
143 http fetch GET 200 https://registry.npmjs.org/react-transition-group 101ms (cache miss)
144 silly packumentCache full:https://registry.npmjs.org/react-transition-group set size:undefined disposed:false
145 silly fetch manifest d3-interpolate@^3.0.1
146 silly packumentCache full:https://registry.npmjs.org/d3-interpolate cache-miss
147 http fetch GET 200 https://registry.npmjs.org/d3-time 116ms (cache miss)
148 silly packumentCache full:https://registry.npmjs.org/d3-time set size:undefined disposed:false
149 silly fetch manifest @types/d3-array@^3.0.3
150 silly packumentCache full:https://registry.npmjs.org/@types%2fd3-array cache-miss
151 http fetch GET 200 https://registry.npmjs.org/d3-scale 117ms (cache miss)
152 silly packumentCache full:https://registry.npmjs.org/d3-scale set size:undefined disposed:false
153 silly fetch manifest @types/d3-scale@^4.0.2
154 silly packumentCache full:https://registry.npmjs.org/@types%2fd3-scale cache-miss
155 http fetch GET 200 https://registry.npmjs.org/d3-timer 75ms (cache miss)
156 silly packumentCache full:https://registry.npmjs.org/d3-timer set size:undefined disposed:false
157 silly fetch manifest @types/d3-shape@^3.1.0
158 silly packumentCache full:https://registry.npmjs.org/@types%2fd3-shape cache-miss
159 http fetch GET 200 https://registry.npmjs.org/d3-shape 103ms (cache miss)
160 silly packumentCache full:https://registry.npmjs.org/d3-shape set size:undefined disposed:false
161 silly fetch manifest @types/d3-timer@^3.0.0
162 silly packumentCache full:https://registry.npmjs.org/@types%2fd3-timer cache-miss
163 http fetch GET 200 https://registry.npmjs.org/@types%2fd3-ease 72ms (cache miss)
164 silly packumentCache full:https://registry.npmjs.org/@types%2fd3-ease set size:undefined disposed:false
165 silly fetch manifest @types/d3-interpolate@^3.0.1
166 silly packumentCache full:https://registry.npmjs.org/@types%2fd3-interpolate cache-miss
167 http fetch GET 200 https://registry.npmjs.org/@types%2fd3-time 73ms (cache miss)
168 silly packumentCache full:https://registry.npmjs.org/@types%2fd3-time set size:undefined disposed:false
169 http fetch GET 200 https://registry.npmjs.org/d3-interpolate 58ms (cache miss)
170 silly packumentCache full:https://registry.npmjs.org/d3-interpolate set size:undefined disposed:false
171 http fetch GET 200 https://registry.npmjs.org/@types%2fd3-scale 51ms (cache miss)
172 silly packumentCache full:https://registry.npmjs.org/@types%2fd3-scale set size:undefined disposed:false
173 http fetch GET 200 https://registry.npmjs.org/@types%2fd3-shape 74ms (cache miss)
174 silly packumentCache full:https://registry.npmjs.org/@types%2fd3-shape set size:undefined disposed:false
175 http fetch GET 200 https://registry.npmjs.org/@types%2fd3-array 91ms (cache miss)
176 silly packumentCache full:https://registry.npmjs.org/@types%2fd3-array set size:undefined disposed:false
177 http fetch GET 200 https://registry.npmjs.org/@types%2fd3-interpolate 71ms (cache miss)
178 silly packumentCache full:https://registry.npmjs.org/@types%2fd3-interpolate set size:undefined disposed:false
179 http fetch GET 200 https://registry.npmjs.org/@types%2fd3-timer 80ms (cache miss)
180 silly packumentCache full:https://registry.npmjs.org/@types%2fd3-timer set size:undefined disposed:false
181 silly fetch manifest react@^16.8.0 || ^17.0.0 || ^18.0.0 || ^19.0.0
182 silly packumentCache full:https://registry.npmjs.org/react cache-miss
183 http cache https://registry.npmjs.org/react 10ms (cache hit)
184 silly packumentCache full:https://registry.npmjs.org/react set size:6320654 disposed:false
185 silly fetch manifest react-dom@^16.8.0 || ^17.0.0 || ^18.0.0 || ^19.0.0
186 silly packumentCache full:https://registry.npmjs.org/react-dom cache-miss
187 http cache https://registry.npmjs.org/react-dom 10ms (cache hit)
188 silly packumentCache full:https://registry.npmjs.org/react-dom set size:8303213 disposed:false
189 silly placeDep ROOT fast-equals@5.3.3 OK for: react-smooth@4.0.4 want: ^5.0.1
190 silly placeDep ROOT react-transition-group@4.4.5 OK for: react-smooth@4.0.4 want: ^4.4.5
191 silly fetch manifest @babel/runtime@^7.5.5
192 silly packumentCache full:https://registry.npmjs.org/@babel%2fruntime cache-miss
193 silly fetch manifest dom-helpers@^5.0.1
194 silly packumentCache full:https://registry.npmjs.org/dom-helpers cache-miss
195 http fetch GET 200 https://registry.npmjs.org/dom-helpers 33ms (cache miss)
196 silly packumentCache full:https://registry.npmjs.org/dom-helpers set size:undefined disposed:false
197 http fetch GET 200 https://registry.npmjs.org/@babel%2fruntime 124ms (cache miss)
198 silly packumentCache full:https://registry.npmjs.org/@babel%2fruntime set size:undefined disposed:false
199 silly placeDep ROOT @babel/runtime@7.28.4 OK for: react-transition-group@4.4.5 want: ^7.5.5
200 silly placeDep ROOT dom-helpers@5.2.1 OK for: react-transition-group@4.4.5 want: ^5.0.1
201 silly placeDep ROOT decimal.js-light@2.5.1 OK for: recharts-scale@0.4.5 want: ^2.4.1
202 silly placeDep ROOT @types/d3-array@3.2.2 OK for: victory-vendor@36.9.2 want: ^3.0.3
203 silly placeDep ROOT @types/d3-ease@3.0.2 OK for: victory-vendor@36.9.2 want: ^3.0.0
204 silly placeDep ROOT @types/d3-interpolate@3.0.4 OK for: victory-vendor@36.9.2 want: ^3.0.1
205 silly placeDep ROOT @types/d3-scale@4.0.9 OK for: victory-vendor@36.9.2 want: ^4.0.2
206 silly placeDep ROOT @types/d3-shape@3.1.7 OK for: victory-vendor@36.9.2 want: ^3.1.0
207 silly placeDep ROOT @types/d3-time@3.0.4 OK for: victory-vendor@36.9.2 want: ^3.0.0
208 silly placeDep ROOT @types/d3-timer@3.0.2 OK for: victory-vendor@36.9.2 want: ^3.0.0
209 silly placeDep ROOT d3-array@3.2.4 OK for: victory-vendor@36.9.2 want: ^3.1.6
210 silly placeDep ROOT d3-ease@3.0.1 OK for: victory-vendor@36.9.2 want: ^3.0.1
211 silly placeDep ROOT d3-interpolate@3.0.1 OK for: victory-vendor@36.9.2 want: ^3.0.1
212 silly placeDep ROOT d3-scale@4.0.2 OK for: victory-vendor@36.9.2 want: ^4.0.2
213 silly placeDep ROOT d3-shape@3.2.0 OK for: victory-vendor@36.9.2 want: ^3.1.0
214 silly placeDep ROOT d3-time@3.1.0 OK for: victory-vendor@36.9.2 want: ^3.0.0
215 silly placeDep ROOT d3-timer@3.0.1 OK for: victory-vendor@36.9.2 want: ^3.0.1
216 silly fetch manifest @types/d3-color@*
217 silly packumentCache full:https://registry.npmjs.org/@types%2fd3-color cache-miss
218 silly fetch manifest @types/d3-time@*
219 silly packumentCache full:https://registry.npmjs.org/@types%2fd3-time cache-miss
220 silly fetch manifest @types/d3-path@*
221 silly packumentCache full:https://registry.npmjs.org/@types%2fd3-path cache-miss
222 silly fetch manifest internmap@1 - 2
223 silly packumentCache full:https://registry.npmjs.org/internmap cache-miss
224 silly fetch manifest d3-color@1 - 3
225 silly packumentCache full:https://registry.npmjs.org/d3-color cache-miss
226 silly fetch manifest d3-format@1 - 3
227 silly packumentCache full:https://registry.npmjs.org/d3-format cache-miss
228 silly fetch manifest d3-time@2.1.1 - 3
229 silly packumentCache full:https://registry.npmjs.org/d3-time cache-miss
230 http cache https://registry.npmjs.org/d3-time 4ms (cache hit)
231 silly packumentCache full:https://registry.npmjs.org/d3-time set size:150406 disposed:false
232 silly fetch manifest d3-time-format@2 - 4
233 silly packumentCache full:https://registry.npmjs.org/d3-time-format cache-miss
234 http cache https://registry.npmjs.org/@types%2fd3-time 6ms (cache hit)
235 silly packumentCache full:https://registry.npmjs.org/@types%2fd3-time set size:52652 disposed:false
236 silly fetch manifest d3-path@^3.1.0
237 silly packumentCache full:https://registry.npmjs.org/d3-path cache-miss
238 http fetch GET 200 https://registry.npmjs.org/d3-format 33ms (cache miss)
239 silly packumentCache full:https://registry.npmjs.org/d3-format set size:undefined disposed:false
240 http fetch GET 200 https://registry.npmjs.org/d3-time-format 40ms (cache miss)
241 silly packumentCache full:https://registry.npmjs.org/d3-time-format set size:undefined disposed:false
242 http fetch GET 200 https://registry.npmjs.org/d3-color 50ms (cache miss)
243 silly packumentCache full:https://registry.npmjs.org/d3-color set size:undefined disposed:false
244 http fetch GET 200 https://registry.npmjs.org/d3-path 50ms (cache miss)
245 silly packumentCache full:https://registry.npmjs.org/d3-path set size:undefined disposed:false
246 http fetch GET 200 https://registry.npmjs.org/@types%2fd3-path 58ms (cache miss)
247 silly packumentCache full:https://registry.npmjs.org/@types%2fd3-path set size:undefined disposed:false
248 http fetch GET 200 https://registry.npmjs.org/@types%2fd3-color 71ms (cache miss)
249 silly packumentCache full:https://registry.npmjs.org/@types%2fd3-color set size:undefined disposed:false
250 http fetch GET 200 https://registry.npmjs.org/internmap 70ms (cache miss)
251 silly packumentCache full:https://registry.npmjs.org/internmap set size:undefined disposed:false
252 silly placeDep ROOT @types/d3-color@3.1.3 OK for: @types/d3-interpolate@3.0.4 want: *
253 silly placeDep ROOT @types/d3-path@3.1.1 OK for: @types/d3-shape@3.1.7 want: *
254 silly placeDep ROOT internmap@2.0.3 OK for: d3-array@3.2.4 want: 1 - 2
255 silly placeDep ROOT d3-color@3.1.0 OK for: d3-interpolate@3.0.1 want: 1 - 3
256 silly placeDep ROOT d3-format@3.1.0 OK for: d3-scale@4.0.2 want: 1 - 3
257 silly placeDep ROOT d3-time-format@4.1.0 OK for: d3-scale@4.0.2 want: 2 - 4
258 silly placeDep ROOT d3-path@3.1.0 OK for: d3-shape@3.2.0 want: ^3.1.0
259 silly placeDep ROOT adler-32@1.3.1 OK for: xlsx@0.18.5 want: ~1.3.0
260 silly placeDep ROOT cfb@1.2.2 OK for: xlsx@0.18.5 want: ~1.2.1
261 silly placeDep ROOT codepage@1.15.0 OK for: xlsx@0.18.5 want: ~1.15.0
262 silly placeDep ROOT crc-32@1.2.2 OK for: xlsx@0.18.5 want: ~1.2.1
263 silly placeDep ROOT ssf@0.11.2 OK for: xlsx@0.18.5 want: ~0.11.2
264 silly placeDep ROOT wmf@1.0.2 OK for: xlsx@0.18.5 want: ~1.0.1
265 silly placeDep ROOT word@0.3.0 OK for: xlsx@0.18.5 want: ~0.3.0
266 silly fetch manifest crc-32@~1.2.0
267 silly packumentCache full:https://registry.npmjs.org/crc-32 cache-miss
268 silly fetch manifest frac@~1.1.2
269 silly packumentCache full:https://registry.npmjs.org/frac cache-miss
270 http cache https://registry.npmjs.org/crc-32 5ms (cache hit)
271 silly packumentCache full:https://registry.npmjs.org/crc-32 set size:32170 disposed:false
272 http fetch GET 200 https://registry.npmjs.org/frac 60ms (cache miss)
273 silly packumentCache full:https://registry.npmjs.org/frac set size:undefined disposed:false
274 silly placeDep ROOT frac@1.1.2 OK for: ssf@0.11.2 want: ~1.1.2
275 silly reify moves {}
276 silly audit bulk request {
276 silly audit   '@alloc/quick-lru': [ '5.2.0' ],
276 silly audit   '@babel/code-frame': [ '7.27.1' ],
276 silly audit   '@babel/compat-data': [ '7.28.5' ],
276 silly audit   '@babel/core': [ '7.28.5' ],
276 silly audit   '@babel/generator': [ '7.28.5' ],
276 silly audit   '@babel/helper-compilation-targets': [ '7.27.2' ],
276 silly audit   '@babel/helper-globals': [ '7.28.0' ],
276 silly audit   '@babel/helper-module-imports': [ '7.27.1' ],
276 silly audit   '@babel/helper-module-transforms': [ '7.28.3' ],
276 silly audit   '@babel/helper-string-parser': [ '7.27.1' ],
276 silly audit   '@babel/helper-validator-identifier': [ '7.28.5' ],
276 silly audit   '@babel/helper-validator-option': [ '7.27.1' ],
276 silly audit   '@babel/helpers': [ '7.28.4' ],
276 silly audit   '@babel/parser': [ '7.28.5' ],
276 silly audit   '@babel/template': [ '7.27.2' ],
276 silly audit   '@babel/traverse': [ '7.28.5' ],
276 silly audit   '@babel/types': [ '7.28.5' ],
276 silly audit   '@emnapi/core': [ '1.7.1' ],
276 silly audit   '@emnapi/runtime': [ '1.7.1' ],
276 silly audit   '@emnapi/wasi-threads': [ '1.1.0' ],
276 silly audit   '@eslint-community/eslint-utils': [ '4.9.0' ],
276 silly audit   'eslint-visitor-keys': [ '3.4.3', '4.2.1' ],
276 silly audit   '@eslint-community/regexpp': [ '4.12.2' ],
276 silly audit   '@eslint/config-array': [ '0.21.1' ],
276 silly audit   '@eslint/config-helpers': [ '0.4.2' ],
276 silly audit   '@eslint/core': [ '0.17.0' ],
276 silly audit   '@eslint/eslintrc': [ '3.3.3' ],
276 silly audit   '@eslint/js': [ '9.39.1' ],
276 silly audit   '@eslint/object-schema': [ '2.1.7' ],
276 silly audit   '@eslint/plugin-kit': [ '0.4.1' ],
276 silly audit   '@heroicons/react': [ '2.2.0' ],
276 silly audit   '@humanfs/core': [ '0.19.1' ],
276 silly audit   '@humanfs/node': [ '0.16.7' ],
276 silly audit   '@humanwhocodes/module-importer': [ '1.0.1' ],
276 silly audit   '@humanwhocodes/retry': [ '0.4.3' ],
276 silly audit   '@img/colour': [ '1.0.0' ],
276 silly audit   '@img/sharp-darwin-arm64': [ '0.34.5' ],
276 silly audit   '@img/sharp-darwin-x64': [ '0.34.5' ],
276 silly audit   '@img/sharp-libvips-darwin-arm64': [ '1.2.4' ],
276 silly audit   '@img/sharp-libvips-darwin-x64': [ '1.2.4' ],
276 silly audit   '@img/sharp-libvips-linux-arm': [ '1.2.4' ],
276 silly audit   '@img/sharp-libvips-linux-arm64': [ '1.2.4' ],
276 silly audit   '@img/sharp-libvips-linux-ppc64': [ '1.2.4' ],
276 silly audit   '@img/sharp-libvips-linux-riscv64': [ '1.2.4' ],
276 silly audit   '@img/sharp-libvips-linux-s390x': [ '1.2.4' ],
276 silly audit   '@img/sharp-libvips-linux-x64': [ '1.2.4' ],
276 silly audit   '@img/sharp-libvips-linuxmusl-arm64': [ '1.2.4' ],
276 silly audit   '@img/sharp-libvips-linuxmusl-x64': [ '1.2.4' ],
276 silly audit   '@img/sharp-linux-arm': [ '0.34.5' ],
276 silly audit   '@img/sharp-linux-arm64': [ '0.34.5' ],
276 silly audit   '@img/sharp-linux-ppc64': [ '0.34.5' ],
276 silly audit   '@img/sharp-linux-riscv64': [ '0.34.5' ],
276 silly audit   '@img/sharp-linux-s390x': [ '0.34.5' ],
276 silly audit   '@img/sharp-linux-x64': [ '0.34.5' ],
276 silly audit   '@img/sharp-linuxmusl-arm64': [ '0.34.5' ],
276 silly audit   '@img/sharp-linuxmusl-x64': [ '0.34.5' ],
276 silly audit   '@img/sharp-wasm32': [ '0.34.5' ],
276 silly audit   '@img/sharp-win32-arm64': [ '0.34.5' ],
276 silly audit   '@img/sharp-win32-ia32': [ '0.34.5' ],
276 silly audit   '@img/sharp-win32-x64': [ '0.34.5' ],
276 silly audit   '@jridgewell/gen-mapping': [ '0.3.13' ],
276 silly audit   '@jridgewell/remapping': [ '2.3.5' ],
276 silly audit   '@jridgewell/resolve-uri': [ '3.1.2' ],
276 silly audit   '@jridgewell/sourcemap-codec': [ '1.5.5' ],
276 silly audit   '@jridgewell/trace-mapping': [ '0.3.31' ],
276 silly audit   '@napi-rs/wasm-runtime': [ '0.2.12' ],
276 silly audit   '@next/env': [ '16.0.1' ],
276 silly audit   '@next/eslint-plugin-next': [ '16.0.1' ],
276 silly audit   '@next/swc-darwin-arm64': [ '16.0.1' ],
276 silly audit   '@next/swc-darwin-x64': [ '16.0.1' ],
276 silly audit   '@next/swc-linux-arm64-gnu': [ '16.0.1' ],
276 silly audit   '@next/swc-linux-arm64-musl': [ '16.0.1' ],
276 silly audit   '@next/swc-linux-x64-gnu': [ '16.0.1' ],
276 silly audit   '@next/swc-linux-x64-musl': [ '16.0.1' ],
276 silly audit   '@next/swc-win32-arm64-msvc': [ '16.0.1' ],
276 silly audit   '@next/swc-win32-x64-msvc': [ '16.0.1' ],
276 silly audit   '@nodelib/fs.scandir': [ '2.1.5' ],
276 silly audit   '@nodelib/fs.stat': [ '2.0.5' ],
276 silly audit   '@nodelib/fs.walk': [ '1.2.8' ],
276 silly audit   '@nolyfill/is-core-module': [ '1.0.39' ],
276 silly audit   '@paper-design/shaders': [ '0.0.61' ],
276 silly audit   '@paper-design/shaders-react': [ '0.0.61' ],
276 silly audit   '@rtsao/scc': [ '1.1.0' ],
276 silly audit   '@swc/helpers': [ '0.5.15' ],
276 silly audit   '@tailwindcss/node': [ '4.1.17' ],
276 silly audit   '@tailwindcss/oxide': [ '4.1.17' ],
276 silly audit   '@tailwindcss/oxide-android-arm64': [ '4.1.17' ],
276 silly audit   '@tailwindcss/oxide-darwin-arm64': [ '4.1.17' ],
276 silly audit   '@tailwindcss/oxide-darwin-x64': [ '4.1.17' ],
276 silly audit   '@tailwindcss/oxide-freebsd-x64': [ '4.1.17' ],
276 silly audit   '@tailwindcss/oxide-linux-arm-gnueabihf': [ '4.1.17' ],
276 silly audit   '@tailwindcss/oxide-linux-arm64-gnu': [ '4.1.17' ],
276 silly audit   '@tailwindcss/oxide-linux-arm64-musl': [ '4.1.17' ],
276 silly audit   '@tailwindcss/oxide-linux-x64-gnu': [ '4.1.17' ],
276 silly audit   '@tailwindcss/oxide-linux-x64-musl': [ '4.1.17' ],
276 silly audit   '@tailwindcss/oxide-wasm32-wasi': [ '4.1.17' ],
276 silly audit   '@tailwindcss/oxide-win32-arm64-msvc': [ '4.1.17' ],
276 silly audit   '@tailwindcss/oxide-win32-x64-msvc': [ '4.1.17' ],
276 silly audit   '@tailwindcss/postcss': [ '4.1.17' ],
276 silly audit   '@tybys/wasm-util': [ '0.10.1' ],
276 silly audit   '@types/estree': [ '1.0.8' ],
276 silly audit   '@types/json-schema': [ '7.0.15' ],
276 silly audit   '@types/json5': [ '0.0.29' ],
276 silly audit   '@types/node': [ '20.19.25' ],
276 silly audit   '@types/react': [ '19.2.7' ],
276 silly audit   '@types/react-dom': [ '19.2.3' ],
276 silly audit   '@typescript-eslint/eslint-plugin': [ '8.48.1' ],
276 silly audit   ignore: [ '7.0.5', '5.3.2' ],
276 silly audit   '@typescript-eslint/parser': [ '8.48.1' ],
276 silly audit   '@typescript-eslint/project-service': [ '8.48.1' ],
276 silly audit   '@typescript-eslint/scope-manager': [ '8.48.1' ],
276 silly audit   '@typescript-eslint/tsconfig-utils': [ '8.48.1' ],
276 silly audit   '@typescript-eslint/type-utils': [ '8.48.1' ],
276 silly audit   '@typescript-eslint/types': [ '8.48.1' ],
276 silly audit   '@typescript-eslint/typescript-estree': [ '8.48.1' ],
276 silly audit   'brace-expansion': [ '2.0.2', '1.1.12' ],
276 silly audit   minimatch: [ '9.0.5', '3.1.2' ],
276 silly audit   semver: [ '7.7.3', '6.3.1' ],
276 silly audit   '@typescript-eslint/utils': [ '8.48.1' ],
276 silly audit   '@typescript-eslint/visitor-keys': [ '8.48.1' ],
276 silly audit   '@unrs/resolver-binding-android-arm-eabi': [ '1.11.1' ],
276 silly audit   '@unrs/resolver-binding-android-arm64': [ '1.11.1' ],
276 silly audit   '@unrs/resolver-binding-darwin-arm64': [ '1.11.1' ],
276 silly audit   '@unrs/resolver-binding-darwin-x64': [ '1.11.1' ],
276 silly audit   '@unrs/resolver-binding-freebsd-x64': [ '1.11.1' ],
276 silly audit   '@unrs/resolver-binding-linux-arm-gnueabihf': [ '1.11.1' ],
276 silly audit   '@unrs/resolver-binding-linux-arm-musleabihf': [ '1.11.1' ],
276 silly audit   '@unrs/resolver-binding-linux-arm64-gnu': [ '1.11.1' ],
276 silly audit   '@unrs/resolver-binding-linux-arm64-musl': [ '1.11.1' ],
276 silly audit   '@unrs/resolver-binding-linux-ppc64-gnu': [ '1.11.1' ],
276 silly audit   '@unrs/resolver-binding-linux-riscv64-gnu': [ '1.11.1' ],
276 silly audit   '@unrs/resolver-binding-linux-riscv64-musl': [ '1.11.1' ],
276 silly audit   '@unrs/resolver-binding-linux-s390x-gnu': [ '1.11.1' ],
276 silly audit   '@unrs/resolver-binding-linux-x64-gnu': [ '1.11.1' ],
276 silly audit   '@unrs/resolver-binding-linux-x64-musl': [ '1.11.1' ],
276 silly audit   '@unrs/resolver-binding-wasm32-wasi': [ '1.11.1' ],
276 silly audit   '@unrs/resolver-binding-win32-arm64-msvc': [ '1.11.1' ],
276 silly audit   '@unrs/resolver-binding-win32-ia32-msvc': [ '1.11.1' ],
276 silly audit   '@unrs/resolver-binding-win32-x64-msvc': [ '1.11.1' ],
276 silly audit   acorn: [ '8.15.0' ],
276 silly audit   'acorn-jsx': [ '5.3.2' ],
276 silly audit   ajv: [ '6.12.6' ],
276 silly audit   'ansi-styles': [ '4.3.0' ],
276 silly audit   argparse: [ '2.0.1' ],
276 silly audit   'aria-query': [ '5.3.2' ],
276 silly audit   'array-buffer-byte-length': [ '1.0.2' ],
276 silly audit   'array-includes': [ '3.1.9' ],
276 silly audit   'array.prototype.findlast': [ '1.2.5' ],
276 silly audit   'array.prototype.findlastindex': [ '1.2.6' ],
276 silly audit   'array.prototype.flat': [ '1.3.3' ],
276 silly audit   'array.prototype.flatmap': [ '1.3.3' ],
276 silly audit   'array.prototype.tosorted': [ '1.1.4' ],
276 silly audit   'arraybuffer.prototype.slice': [ '1.0.4' ],
276 silly audit   'ast-types-flow': [ '0.0.8' ],
276 silly audit   'async-function': [ '1.0.0' ],
276 silly audit   'available-typed-arrays': [ '1.0.7' ],
276 silly audit   'axe-core': [ '4.11.0' ],
276 silly audit   'axobject-query': [ '4.1.0' ],
276 silly audit   'balanced-match': [ '1.0.2' ],
276 silly audit   'baseline-browser-mapping': [ '2.9.3' ],
276 silly audit   braces: [ '3.0.3' ],
276 silly audit   browserslist: [ '4.28.1' ],
276 silly audit   'call-bind': [ '1.0.8' ],
276 silly audit   'call-bind-apply-helpers': [ '1.0.2' ],
276 silly audit   'call-bound': [ '1.0.4' ],
276 silly audit   callsites: [ '3.1.0' ],
276 silly audit   'caniuse-lite': [ '1.0.30001759' ],
276 silly audit   chalk: [ '4.1.2' ],
276 silly audit   'client-only': [ '0.0.1' ],
276 silly audit   'color-convert': [ '2.0.1' ],
276 silly audit   'color-name': [ '1.1.4' ],
276 silly audit   'concat-map': [ '0.0.1' ],
276 silly audit   'convert-source-map': [ '2.0.0' ],
276 silly audit   'cross-spawn': [ '7.0.6' ],
276 silly audit   csstype: [ '3.2.3' ],
276 silly audit   'damerau-levenshtein': [ '1.0.8' ],
276 silly audit   'data-view-buffer': [ '1.0.2' ],
276 silly audit   'data-view-byte-length': [ '1.0.2' ],
276 silly audit   'data-view-byte-offset': [ '1.0.1' ],
276 silly audit   debug: [ '4.4.3', '3.2.7' ],
276 silly audit   'deep-is': [ '0.1.4' ],
276 silly audit   'define-data-property': [ '1.1.4' ],
276 silly audit   'define-properties': [ '1.2.1' ],
276 silly audit   'detect-libc': [ '2.1.2' ],
276 silly audit   doctrine: [ '2.1.0' ],
276 silly audit   'dunder-proto': [ '1.0.1' ],
276 silly audit   'electron-to-chromium': [ '1.5.266' ],
276 silly audit   'emoji-regex': [ '9.2.2' ],
276 silly audit   'enhanced-resolve': [ '5.18.3' ],
276 silly audit   'es-abstract': [ '1.24.0' ],
276 silly audit   'es-define-property': [ '1.0.1' ],
276 silly audit   'es-errors': [ '1.3.0' ],
276 silly audit   'es-iterator-helpers': [ '1.2.1' ],
276 silly audit   'es-object-atoms': [ '1.1.1' ],
276 silly audit   'es-set-tostringtag': [ '2.1.0' ],
276 silly audit   'es-shim-unscopables': [ '1.1.0' ],
276 silly audit   'es-to-primitive': [ '1.3.0' ],
276 silly audit   escalade: [ '3.2.0' ],
276 silly audit   'escape-string-regexp': [ '4.0.0' ],
276 silly audit   eslint: [ '9.39.1' ],
276 silly audit   'eslint-config-next': [ '16.0.1' ],
276 silly audit   globals: [ '16.4.0', '14.0.0' ],
276 silly audit   'eslint-import-resolver-node': [ '0.3.9' ],
276 silly audit   'eslint-import-resolver-typescript': [ '3.10.1' ],
276 silly audit   'eslint-module-utils': [ '2.12.1' ],
276 silly audit   'eslint-plugin-import': [ '2.32.0' ],
276 silly audit   'eslint-plugin-jsx-a11y': [ '6.10.2' ],
276 silly audit   'eslint-plugin-react': [ '7.37.5' ],
276 silly audit   'eslint-plugin-react-hooks': [ '7.0.1' ],
276 silly audit   resolve: [ '2.0.0-next.5', '1.22.11' ],
276 silly audit   'eslint-scope': [ '8.4.0' ],
276 silly audit   espree: [ '10.4.0' ],
276 silly audit   esquery: [ '1.6.0' ],
276 silly audit   esrecurse: [ '4.3.0' ],
276 silly audit   estraverse: [ '5.3.0' ],
276 silly audit   esutils: [ '2.0.3' ],
276 silly audit   'fast-deep-equal': [ '3.1.3' ],
276 silly audit   'fast-glob': [ '3.3.1' ],
276 silly audit   'glob-parent': [ '5.1.2', '6.0.2' ],
276 silly audit   'fast-json-stable-stringify': [ '2.1.0' ],
276 silly audit   'fast-levenshtein': [ '2.0.6' ],
276 silly audit   fastq: [ '1.19.1' ],
276 silly audit   'file-entry-cache': [ '8.0.0' ],
276 silly audit   'fill-range': [ '7.1.1' ],
276 silly audit   'find-up': [ '5.0.0' ],
276 silly audit   'flat-cache': [ '4.0.1' ],
276 silly audit   flatted: [ '3.3.3' ],
276 silly audit   'for-each': [ '0.3.5' ],
276 silly audit   'framer-motion': [ '12.23.25' ],
276 silly audit   'function-bind': [ '1.1.2' ],
276 silly audit   'function.prototype.name': [ '1.1.8' ],
276 silly audit   'functions-have-names': [ '1.2.3' ],
276 silly audit   'generator-function': [ '2.0.1' ],
276 silly audit   gensync: [ '1.0.0-beta.2' ],
276 silly audit   'get-intrinsic': [ '1.3.0' ],
276 silly audit   'get-proto': [ '1.0.1' ],
276 silly audit   'get-symbol-description': [ '1.1.0' ],
276 silly audit   'get-tsconfig': [ '4.13.0' ],
276 silly audit   globalthis: [ '1.0.4' ],
276 silly audit   gopd: [ '1.2.0' ],
276 silly audit   'graceful-fs': [ '4.2.11' ],
276 silly audit   graphemer: [ '1.4.0' ],
276 silly audit   'has-bigints': [ '1.1.0' ],
276 silly audit   'has-flag': [ '4.0.0' ],
276 silly audit   'has-property-descriptors': [ '1.0.2' ],
276 silly audit   'has-proto': [ '1.2.0' ],
276 silly audit   'has-symbols': [ '1.1.0' ],
276 silly audit   'has-tostringtag': [ '1.0.2' ],
276 silly audit   hasown: [ '2.0.2' ],
276 silly audit   'hermes-estree': [ '0.25.1' ],
276 silly audit   'hermes-parser': [ '0.25.1' ],
276 silly audit   'import-fresh': [ '3.3.1' ],
276 silly audit   imurmurhash: [ '0.1.4' ],
276 silly audit   'internal-slot': [ '1.1.0' ],
276 silly audit   'is-array-buffer': [ '3.0.5' ],
276 silly audit   'is-async-function': [ '2.1.1' ],
276 silly audit   'is-bigint': [ '1.1.0' ],
276 silly audit   'is-boolean-object': [ '1.2.2' ],
276 silly audit   'is-bun-module': [ '2.0.0' ],
276 silly audit   'is-callable': [ '1.2.7' ],
276 silly audit   'is-core-module': [ '2.16.1' ],
276 silly audit   'is-data-view': [ '1.0.2' ],
276 silly audit   'is-date-object': [ '1.1.0' ],
276 silly audit   'is-extglob': [ '2.1.1' ],
276 silly audit   'is-finalizationregistry': [ '1.1.1' ],
276 silly audit   'is-generator-function': [ '1.1.2' ],
276 silly audit   'is-glob': [ '4.0.3' ],
276 silly audit   'is-map': [ '2.0.3' ],
276 silly audit   'is-negative-zero': [ '2.0.3' ],
276 silly audit   'is-number': [ '7.0.0' ],
276 silly audit   'is-number-object': [ '1.1.1' ],
276 silly audit   'is-regex': [ '1.2.1' ],
276 silly audit   'is-set': [ '2.0.3' ],
276 silly audit   'is-shared-array-buffer': [ '1.0.4' ],
276 silly audit   'is-string': [ '1.1.1' ],
276 silly audit   'is-symbol': [ '1.1.1' ],
276 silly audit   'is-typed-array': [ '1.1.15' ],
276 silly audit   'is-weakmap': [ '2.0.2' ],
276 silly audit   'is-weakref': [ '1.1.1' ],
276 silly audit   'is-weakset': [ '2.0.4' ],
276 silly audit   isarray: [ '2.0.5' ],
276 silly audit   isexe: [ '2.0.0' ],
276 silly audit   'iterator.prototype': [ '1.1.5' ],
276 silly audit   jiti: [ '2.6.1' ],
276 silly audit   'js-tokens': [ '4.0.0' ],
276 silly audit   'js-yaml': [ '4.1.1' ],
276 silly audit   jsesc: [ '3.1.0' ],
276 silly audit   'json-buffer': [ '3.0.1' ],
276 silly audit   'json-schema-traverse': [ '0.4.1' ],
276 silly audit   'json-stable-stringify-without-jsonify': [ '1.0.1' ],
276 silly audit   json5: [ '2.2.3', '1.0.2' ],
276 silly audit   'jsx-ast-utils': [ '3.3.5' ],
276 silly audit   keyv: [ '4.5.4' ],
276 silly audit   'language-subtag-registry': [ '0.3.23' ],
276 silly audit   'language-tags': [ '1.0.9' ],
276 silly audit   lenis: [ '1.3.15' ],
276 silly audit   levn: [ '0.4.1' ],
276 silly audit   lightningcss: [ '1.30.2' ],
276 silly audit   'lightningcss-android-arm64': [ '1.30.2' ],
276 silly audit   'lightningcss-darwin-arm64': [ '1.30.2' ],
276 silly audit   'lightningcss-darwin-x64': [ '1.30.2' ],
276 silly audit   'lightningcss-freebsd-x64': [ '1.30.2' ],
276 silly audit   'lightningcss-linux-arm-gnueabihf': [ '1.30.2' ],
276 silly audit   'lightningcss-linux-arm64-gnu': [ '1.30.2' ],
276 silly audit   'lightningcss-linux-arm64-musl': [ '1.30.2' ],
276 silly audit   'lightningcss-linux-x64-gnu': [ '1.30.2' ],
276 silly audit   'lightningcss-linux-x64-musl': [ '1.30.2' ],
276 silly audit   'lightningcss-win32-arm64-msvc': [ '1.30.2' ],
276 silly audit   'lightningcss-win32-x64-msvc': [ '1.30.2' ],
276 silly audit   'locate-path': [ '6.0.0' ],
276 silly audit   'lodash.merge': [ '4.6.2' ],
276 silly audit   'loose-envify': [ '1.4.0' ],
276 silly audit   'lru-cache': [ '5.1.1' ],
276 silly audit   'lucide-react': [ '0.556.0' ],
276 silly audit   'magic-string': [ '0.30.21' ],
276 silly audit   'math-intrinsics': [ '1.1.0' ],
276 silly audit   merge2: [ '1.4.1' ],
276 silly audit   micromatch: [ '4.0.8' ],
276 silly audit   minimist: [ '1.2.8' ],
276 silly audit   'motion-dom': [ '12.23.23' ],
276 silly audit   'motion-utils': [ '12.23.6' ],
276 silly audit   ms: [ '2.1.3' ],
276 silly audit   nanoid: [ '3.3.11' ],
276 silly audit   'napi-postinstall': [ '0.3.4' ],
276 silly audit   'natural-compare': [ '1.4.0' ],
276 silly audit   next: [ '16.0.1' ],
276 silly audit   postcss: [ '8.4.31', '8.5.6' ],
276 silly audit   'node-releases': [ '2.0.27' ],
276 silly audit   'object-assign': [ '4.1.1' ],
276 silly audit   'object-inspect': [ '1.13.4' ],
276 silly audit   'object-keys': [ '1.1.1' ],
276 silly audit   'object.assign': [ '4.1.7' ],
276 silly audit   'object.entries': [ '1.1.9' ],
276 silly audit   'object.fromentries': [ '2.0.8' ],
276 silly audit   'object.groupby': [ '1.0.3' ],
276 silly audit   'object.values': [ '1.2.1' ],
276 silly audit   optionator: [ '0.9.4' ],
276 silly audit   'own-keys': [ '1.0.1' ],
276 silly audit   'p-limit': [ '3.1.0' ],
276 silly audit   'p-locate': [ '5.0.0' ],
276 silly audit   'parent-module': [ '1.0.1' ],
276 silly audit   'path-exists': [ '4.0.0' ],
276 silly audit   'path-key': [ '3.1.1' ],
276 silly audit   'path-parse': [ '1.0.7' ],
276 silly audit   picocolors: [ '1.1.1' ],
276 silly audit   picomatch: [ '2.3.1', '4.0.3' ],
276 silly audit   'possible-typed-array-names': [ '1.1.0' ],
276 silly audit   'prelude-ls': [ '1.2.1' ],
276 silly audit   'prop-types': [ '15.8.1' ],
276 silly audit   punycode: [ '2.3.1' ],
276 silly audit   'queue-microtask': [ '1.2.3' ],
276 silly audit   react: [ '19.2.0' ],
276 silly audit   'react-dom': [ '19.2.0' ],
276 silly audit   'react-is': [ '16.13.1', '18.3.1' ],
276 silly audit   'reflect.getprototypeof': [ '1.0.10' ],
276 silly audit   'regexp.prototype.flags': [ '1.5.4' ],
276 silly audit   'resolve-from': [ '4.0.0' ],
276 silly audit   'resolve-pkg-maps': [ '1.0.0' ],
276 silly audit   reusify: [ '1.1.0' ],
276 silly audit   'run-parallel': [ '1.2.0' ],
276 silly audit   'safe-array-concat': [ '1.1.3' ],
276 silly audit   'safe-push-apply': [ '1.0.0' ],
276 silly audit   'safe-regex-test': [ '1.1.0' ],
276 silly audit   scheduler: [ '0.27.0' ],
276 silly audit   'set-function-length': [ '1.2.2' ],
276 silly audit   'set-function-name': [ '2.0.2' ],
276 silly audit   'set-proto': [ '1.0.0' ],
276 silly audit   sharp: [ '0.34.5' ],
276 silly audit   'shebang-command': [ '2.0.0' ],
276 silly audit   'shebang-regex': [ '3.0.0' ],
276 silly audit   'side-channel': [ '1.1.0' ],
276 silly audit   'side-channel-list': [ '1.0.0' ],
276 silly audit   'side-channel-map': [ '1.0.1' ],
276 silly audit   'side-channel-weakmap': [ '1.0.2' ],
276 silly audit   'source-map-js': [ '1.2.1' ],
276 silly audit   'stable-hash': [ '0.0.5' ],
276 silly audit   'stop-iteration-iterator': [ '1.1.0' ],
276 silly audit   'string.prototype.includes': [ '2.0.1' ],
276 silly audit   'string.prototype.matchall': [ '4.0.12' ],
276 silly audit   'string.prototype.repeat': [ '1.0.0' ],
276 silly audit   'string.prototype.trim': [ '1.2.10' ],
276 silly audit   'string.prototype.trimend': [ '1.0.9' ],
276 silly audit   'string.prototype.trimstart': [ '1.0.8' ],
276 silly audit   'strip-bom': [ '3.0.0' ],
276 silly audit   'strip-json-comments': [ '3.1.1' ],
276 silly audit   'styled-jsx': [ '5.1.6' ],
276 silly audit   'supports-color': [ '7.2.0' ],
276 silly audit   'supports-preserve-symlinks-flag': [ '1.0.0' ],
276 silly audit   tailwindcss: [ '4.1.17' ],
276 silly audit   tapable: [ '2.3.0' ],
276 silly audit   tinyglobby: [ '0.2.15' ],
276 silly audit   fdir: [ '6.5.0' ],
276 silly audit   'to-regex-range': [ '5.0.1' ],
276 silly audit   'ts-api-utils': [ '2.1.0' ],
276 silly audit   'tsconfig-paths': [ '3.15.0' ],
276 silly audit   tslib: [ '2.8.1' ],
276 silly audit   'type-check': [ '0.4.0' ],
276 silly audit   'typed-array-buffer': [ '1.0.3' ],
276 silly audit   'typed-array-byte-length': [ '1.0.3' ],
276 silly audit   'typed-array-byte-offset': [ '1.0.4' ],
276 silly audit   'typed-array-length': [ '1.0.7' ],
276 silly audit   typescript: [ '5.9.3' ],
276 silly audit   'typescript-eslint': [ '8.48.1' ],
276 silly audit   'unbox-primitive': [ '1.1.0' ],
276 silly audit   'undici-types': [ '6.21.0' ],
276 silly audit   'unrs-resolver': [ '1.11.1' ],
276 silly audit   'update-browserslist-db': [ '1.2.2' ],
276 silly audit   'uri-js': [ '4.4.1' ],
276 silly audit   which: [ '2.0.2' ],
276 silly audit   'which-boxed-primitive': [ '1.1.1' ],
276 silly audit   'which-builtin-type': [ '1.2.1' ],
276 silly audit   'which-collection': [ '1.0.2' ],
276 silly audit   'which-typed-array': [ '1.1.19' ],
276 silly audit   'word-wrap': [ '1.2.5' ],
276 silly audit   yallist: [ '3.1.1' ],
276 silly audit   'yocto-queue': [ '0.1.0' ],
276 silly audit   zod: [ '4.1.13' ],
276 silly audit   'zod-validation-error': [ '4.0.2' ],
276 silly audit   papaparse: [ '5.5.3' ],
276 silly audit   recharts: [ '2.15.4' ],
276 silly audit   xlsx: [ '0.18.5' ],
276 silly audit   clsx: [ '2.1.1' ],
276 silly audit   eventemitter3: [ '4.0.7' ],
276 silly audit   lodash: [ '4.17.21' ],
276 silly audit   'react-smooth': [ '4.0.4' ],
276 silly audit   'recharts-scale': [ '0.4.5' ],
276 silly audit   'tiny-invariant': [ '1.3.3' ],
276 silly audit   'victory-vendor': [ '36.9.2' ],
276 silly audit   'fast-equals': [ '5.3.3' ],
276 silly audit   'react-transition-group': [ '4.4.5' ],
276 silly audit   '@babel/runtime': [ '7.28.4' ],
276 silly audit   'dom-helpers': [ '5.2.1' ],
276 silly audit   'decimal.js-light': [ '2.5.1' ],
276 silly audit   '@types/d3-array': [ '3.2.2' ],
276 silly audit   '@types/d3-ease': [ '3.0.2' ],
276 silly audit   '@types/d3-interpolate': [ '3.0.4' ],
276 silly audit   '@types/d3-scale': [ '4.0.9' ],
276 silly audit   '@types/d3-shape': [ '3.1.7' ],
276 silly audit   '@types/d3-time': [ '3.0.4' ],
276 silly audit   '@types/d3-timer': [ '3.0.2' ],
276 silly audit   'd3-array': [ '3.2.4' ],
276 silly audit   'd3-ease': [ '3.0.1' ],
276 silly audit   'd3-interpolate': [ '3.0.1' ],
276 silly audit   'd3-scale': [ '4.0.2' ],
276 silly audit   'd3-shape': [ '3.2.0' ],
276 silly audit   'd3-time': [ '3.1.0' ],
276 silly audit   'd3-timer': [ '3.0.1' ],
276 silly audit   '@types/d3-color': [ '3.1.3' ],
276 silly audit   '@types/d3-path': [ '3.1.1' ],
276 silly audit   internmap: [ '2.0.3' ],
276 silly audit   'd3-color': [ '3.1.0' ],
276 silly audit   'd3-format': [ '3.1.0' ],
276 silly audit   'd3-time-format': [ '4.1.0' ],
276 silly audit   'd3-path': [ '3.1.0' ],
276 silly audit   'adler-32': [ '1.3.1' ],
276 silly audit   cfb: [ '1.2.2' ],
276 silly audit   codepage: [ '1.15.0' ],
276 silly audit   'crc-32': [ '1.2.2' ],
276 silly audit   ssf: [ '0.11.2' ],
276 silly audit   wmf: [ '1.0.2' ],
276 silly audit   word: [ '0.3.0' ],
276 silly audit   frac: [ '1.1.2' ]
276 silly audit }
277 http cache word@https://registry.npmjs.org/word/-/word-0.3.0.tgz 0ms (cache hit)
278 http cache frac@https://registry.npmjs.org/frac/-/frac-1.1.2.tgz 0ms (cache hit)
279 http cache ssf@https://registry.npmjs.org/ssf/-/ssf-0.11.2.tgz 0ms (cache hit)
280 http cache wmf@https://registry.npmjs.org/wmf/-/wmf-1.0.2.tgz 0ms (cache hit)
281 http cache crc-32@https://registry.npmjs.org/crc-32/-/crc-32-1.2.2.tgz 0ms (cache hit)
282 http cache codepage@https://registry.npmjs.org/codepage/-/codepage-1.15.0.tgz 0ms (cache hit)
283 http cache cfb@https://registry.npmjs.org/cfb/-/cfb-1.2.2.tgz 0ms (cache hit)
284 http cache adler-32@https://registry.npmjs.org/adler-32/-/adler-32-1.3.1.tgz 0ms (cache hit)
285 http cache d3-path@https://registry.npmjs.org/d3-path/-/d3-path-3.1.0.tgz 0ms (cache hit)
286 http cache d3-time-format@https://registry.npmjs.org/d3-time-format/-/d3-time-format-4.1.0.tgz 0ms (cache hit)
287 http cache d3-color@https://registry.npmjs.org/d3-color/-/d3-color-3.1.0.tgz 0ms (cache hit)
288 http cache d3-format@https://registry.npmjs.org/d3-format/-/d3-format-3.1.0.tgz 0ms (cache hit)
289 http cache @types/d3-path@https://registry.npmjs.org/@types/d3-path/-/d3-path-3.1.1.tgz 0ms (cache hit)
290 http cache d3-timer@https://registry.npmjs.org/d3-timer/-/d3-timer-3.0.1.tgz 0ms (cache hit)
291 http cache @types/d3-color@https://registry.npmjs.org/@types/d3-color/-/d3-color-3.1.3.tgz 0ms (cache hit)
292 http cache d3-scale@https://registry.npmjs.org/d3-scale/-/d3-scale-4.0.2.tgz 0ms (cache hit)
293 http cache d3-time@https://registry.npmjs.org/d3-time/-/d3-time-3.1.0.tgz 0ms (cache hit)
294 http cache d3-shape@https://registry.npmjs.org/d3-shape/-/d3-shape-3.2.0.tgz 0ms (cache hit)
295 http cache d3-interpolate@https://registry.npmjs.org/d3-interpolate/-/d3-interpolate-3.0.1.tgz 0ms (cache hit)
296 http cache d3-array@https://registry.npmjs.org/d3-array/-/d3-array-3.2.4.tgz 0ms (cache hit)
297 http cache d3-ease@https://registry.npmjs.org/d3-ease/-/d3-ease-3.0.1.tgz 0ms (cache hit)
298 http cache @types/d3-timer@https://registry.npmjs.org/@types/d3-timer/-/d3-timer-3.0.2.tgz 0ms (cache hit)
299 http cache @types/d3-time@https://registry.npmjs.org/@types/d3-time/-/d3-time-3.0.4.tgz 0ms (cache hit)
300 http cache @types/d3-shape@https://registry.npmjs.org/@types/d3-shape/-/d3-shape-3.1.7.tgz 0ms (cache hit)
301 http cache @types/d3-scale@https://registry.npmjs.org/@types/d3-scale/-/d3-scale-4.0.9.tgz 0ms (cache hit)
302 http cache @types/d3-ease@https://registry.npmjs.org/@types/d3-ease/-/d3-ease-3.0.2.tgz 0ms (cache hit)
303 http cache @types/d3-interpolate@https://registry.npmjs.org/@types/d3-interpolate/-/d3-interpolate-3.0.4.tgz 0ms (cache hit)
304 http cache @types/d3-array@https://registry.npmjs.org/@types/d3-array/-/d3-array-3.2.2.tgz 0ms (cache hit)
305 http cache decimal.js-light@https://registry.npmjs.org/decimal.js-light/-/decimal.js-light-2.5.1.tgz 0ms (cache hit)
306 http cache dom-helpers@https://registry.npmjs.org/dom-helpers/-/dom-helpers-5.2.1.tgz 0ms (cache hit)
307 http cache @babel/runtime@https://registry.npmjs.org/@babel/runtime/-/runtime-7.28.4.tgz 0ms (cache hit)
308 http cache react-transition-group@https://registry.npmjs.org/react-transition-group/-/react-transition-group-4.4.5.tgz 0ms (cache hit)
309 http cache fast-equals@https://registry.npmjs.org/fast-equals/-/fast-equals-5.3.3.tgz 0ms (cache hit)
310 http cache victory-vendor@https://registry.npmjs.org/victory-vendor/-/victory-vendor-36.9.2.tgz 0ms (cache hit)
311 http cache tiny-invariant@https://registry.npmjs.org/tiny-invariant/-/tiny-invariant-1.3.3.tgz 0ms (cache hit)
312 http cache recharts-scale@https://registry.npmjs.org/recharts-scale/-/recharts-scale-0.4.5.tgz 0ms (cache hit)
313 http cache react-smooth@https://registry.npmjs.org/react-smooth/-/react-smooth-4.0.4.tgz 0ms (cache hit)
314 http cache lodash@https://registry.npmjs.org/lodash/-/lodash-4.17.21.tgz 0ms (cache hit)
315 http cache eventemitter3@https://registry.npmjs.org/eventemitter3/-/eventemitter3-4.0.7.tgz 0ms (cache hit)
316 http cache clsx@https://registry.npmjs.org/clsx/-/clsx-2.1.1.tgz 0ms (cache hit)
317 http cache xlsx@https://registry.npmjs.org/xlsx/-/xlsx-0.18.5.tgz 0ms (cache hit)
318 http cache recharts@https://registry.npmjs.org/recharts/-/recharts-2.15.4.tgz 0ms (cache hit)
319 http cache papaparse@https://registry.npmjs.org/papaparse/-/papaparse-5.5.3.tgz 0ms (cache hit)
320 http cache react-is@https://registry.npmjs.org/react-is/-/react-is-18.3.1.tgz 1ms (cache hit)
321 http cache internmap@https://registry.npmjs.org/internmap/-/internmap-2.0.3.tgz 0ms (cache hit)
322 silly tarball no local data for word@https://registry.npmjs.org/word/-/word-0.3.0.tgz. Extracting by manifest.
323 silly tarball no local data for frac@https://registry.npmjs.org/frac/-/frac-1.1.2.tgz. Extracting by manifest.
324 silly tarball no local data for ssf@https://registry.npmjs.org/ssf/-/ssf-0.11.2.tgz. Extracting by manifest.
325 silly tarball no local data for wmf@https://registry.npmjs.org/wmf/-/wmf-1.0.2.tgz. Extracting by manifest.
326 silly tarball no local data for crc-32@https://registry.npmjs.org/crc-32/-/crc-32-1.2.2.tgz. Extracting by manifest.
327 silly tarball no local data for codepage@https://registry.npmjs.org/codepage/-/codepage-1.15.0.tgz. Extracting by manifest.
328 silly tarball no local data for cfb@https://registry.npmjs.org/cfb/-/cfb-1.2.2.tgz. Extracting by manifest.
329 silly tarball no local data for adler-32@https://registry.npmjs.org/adler-32/-/adler-32-1.3.1.tgz. Extracting by manifest.
330 silly tarball no local data for d3-path@https://registry.npmjs.org/d3-path/-/d3-path-3.1.0.tgz. Extracting by manifest.
331 silly tarball no local data for d3-time-format@https://registry.npmjs.org/d3-time-format/-/d3-time-format-4.1.0.tgz. Extracting by manifest.
332 silly tarball no local data for d3-color@https://registry.npmjs.org/d3-color/-/d3-color-3.1.0.tgz. Extracting by manifest.
333 silly tarball no local data for d3-format@https://registry.npmjs.org/d3-format/-/d3-format-3.1.0.tgz. Extracting by manifest.
334 silly tarball no local data for @types/d3-path@https://registry.npmjs.org/@types/d3-path/-/d3-path-3.1.1.tgz. Extracting by manifest.
335 silly tarball no local data for d3-timer@https://registry.npmjs.org/d3-timer/-/d3-timer-3.0.1.tgz. Extracting by manifest.
336 silly tarball no local data for @types/d3-color@https://registry.npmjs.org/@types/d3-color/-/d3-color-3.1.3.tgz. Extracting by manifest.
337 silly tarball no local data for d3-scale@https://registry.npmjs.org/d3-scale/-/d3-scale-4.0.2.tgz. Extracting by manifest.
338 silly tarball no local data for d3-time@https://registry.npmjs.org/d3-time/-/d3-time-3.1.0.tgz. Extracting by manifest.
339 silly tarball no local data for d3-shape@https://registry.npmjs.org/d3-shape/-/d3-shape-3.2.0.tgz. Extracting by manifest.
340 silly tarball no local data for d3-interpolate@https://registry.npmjs.org/d3-interpolate/-/d3-interpolate-3.0.1.tgz. Extracting by manifest.
341 silly tarball no local data for d3-array@https://registry.npmjs.org/d3-array/-/d3-array-3.2.4.tgz. Extracting by manifest.
342 silly tarball no local data for d3-ease@https://registry.npmjs.org/d3-ease/-/d3-ease-3.0.1.tgz. Extracting by manifest.
343 silly tarball no local data for @types/d3-timer@https://registry.npmjs.org/@types/d3-timer/-/d3-timer-3.0.2.tgz. Extracting by manifest.
344 silly tarball no local data for @types/d3-time@https://registry.npmjs.org/@types/d3-time/-/d3-time-3.0.4.tgz. Extracting by manifest.
345 silly tarball no local data for @types/d3-shape@https://registry.npmjs.org/@types/d3-shape/-/d3-shape-3.1.7.tgz. Extracting by manifest.
346 silly tarball no local data for @types/d3-scale@https://registry.npmjs.org/@types/d3-scale/-/d3-scale-4.0.9.tgz. Extracting by manifest.
347 silly tarball no local data for @types/d3-ease@https://registry.npmjs.org/@types/d3-ease/-/d3-ease-3.0.2.tgz. Extracting by manifest.
348 silly tarball no local data for @types/d3-interpolate@https://registry.npmjs.org/@types/d3-interpolate/-/d3-interpolate-3.0.4.tgz. Extracting by manifest.
349 silly tarball no local data for @types/d3-array@https://registry.npmjs.org/@types/d3-array/-/d3-array-3.2.2.tgz. Extracting by manifest.
350 silly tarball no local data for decimal.js-light@https://registry.npmjs.org/decimal.js-light/-/decimal.js-light-2.5.1.tgz. Extracting by manifest.
351 silly tarball no local data for dom-helpers@https://registry.npmjs.org/dom-helpers/-/dom-helpers-5.2.1.tgz. Extracting by manifest.
352 silly tarball no local data for @babel/runtime@https://registry.npmjs.org/@babel/runtime/-/runtime-7.28.4.tgz. Extracting by manifest.
353 silly tarball no local data for react-transition-group@https://registry.npmjs.org/react-transition-group/-/react-transition-group-4.4.5.tgz. Extracting by manifest.
354 silly tarball no local data for fast-equals@https://registry.npmjs.org/fast-equals/-/fast-equals-5.3.3.tgz. Extracting by manifest.
355 silly tarball no local data for victory-vendor@https://registry.npmjs.org/victory-vendor/-/victory-vendor-36.9.2.tgz. Extracting by manifest.
356 silly tarball no local data for tiny-invariant@https://registry.npmjs.org/tiny-invariant/-/tiny-invariant-1.3.3.tgz. Extracting by manifest.
357 silly tarball no local data for recharts-scale@https://registry.npmjs.org/recharts-scale/-/recharts-scale-0.4.5.tgz. Extracting by manifest.
358 silly tarball no local data for react-smooth@https://registry.npmjs.org/react-smooth/-/react-smooth-4.0.4.tgz. Extracting by manifest.
359 silly tarball no local data for lodash@https://registry.npmjs.org/lodash/-/lodash-4.17.21.tgz. Extracting by manifest.
360 silly tarball no local data for eventemitter3@https://registry.npmjs.org/eventemitter3/-/eventemitter3-4.0.7.tgz. Extracting by manifest.
361 silly tarball no local data for clsx@https://registry.npmjs.org/clsx/-/clsx-2.1.1.tgz. Extracting by manifest.
362 silly tarball no local data for xlsx@https://registry.npmjs.org/xlsx/-/xlsx-0.18.5.tgz. Extracting by manifest.
363 silly tarball no local data for recharts@https://registry.npmjs.org/recharts/-/recharts-2.15.4.tgz. Extracting by manifest.
364 silly tarball no local data for papaparse@https://registry.npmjs.org/papaparse/-/papaparse-5.5.3.tgz. Extracting by manifest.
365 silly tarball no local data for react-is@https://registry.npmjs.org/react-is/-/react-is-18.3.1.tgz. Extracting by manifest.
366 silly tarball no local data for internmap@https://registry.npmjs.org/internmap/-/internmap-2.0.3.tgz. Extracting by manifest.
367 http fetch GET 200 https://registry.npmjs.org/word/-/word-0.3.0.tgz 44ms (cache miss)
368 http fetch GET 200 https://registry.npmjs.org/frac/-/frac-1.1.2.tgz 44ms (cache miss)
369 http fetch GET 200 https://registry.npmjs.org/wmf/-/wmf-1.0.2.tgz 101ms (cache miss)
370 http fetch GET 200 https://registry.npmjs.org/ssf/-/ssf-0.11.2.tgz 116ms (cache miss)
371 http fetch GET 200 https://registry.npmjs.org/d3-scale/-/d3-scale-4.0.2.tgz 147ms (cache miss)
372 http fetch GET 200 https://registry.npmjs.org/@types/d3-color/-/d3-color-3.1.3.tgz 149ms (cache miss)
373 http fetch GET 200 https://registry.npmjs.org/crc-32/-/crc-32-1.2.2.tgz 151ms (cache miss)
374 http fetch GET 200 https://registry.npmjs.org/d3-time/-/d3-time-3.1.0.tgz 225ms (cache miss)
375 http fetch GET 200 https://registry.npmjs.org/d3-shape/-/d3-shape-3.2.0.tgz 268ms (cache miss)
376 http fetch GET 200 https://registry.npmjs.org/cfb/-/cfb-1.2.2.tgz 289ms (cache miss)
377 http fetch GET 200 https://registry.npmjs.org/d3-path/-/d3-path-3.1.0.tgz 294ms (cache miss)
378 http fetch GET 200 https://registry.npmjs.org/d3-ease/-/d3-ease-3.0.1.tgz 307ms (cache miss)
379 http fetch GET 200 https://registry.npmjs.org/adler-32/-/adler-32-1.3.1.tgz 338ms (cache miss)
380 http fetch GET 200 https://registry.npmjs.org/d3-interpolate/-/d3-interpolate-3.0.1.tgz 351ms (cache miss)
381 http fetch POST 200 https://registry.npmjs.org/-/npm/v1/security/advisories/bulk 378ms
382 silly audit report {
382 silly audit report   next: [
382 silly audit report     {
382 silly audit report       id: 1111277,
382 silly audit report       url: 'https://github.com/advisories/GHSA-9qr9-h5gf-34mp',
382 silly audit report       title: 'Next.js is vulnerable to RCE in React flight protocol',
382 silly audit report       severity: 'critical',
382 silly audit report       vulnerable_versions: '>=16.0.0-canary.0 <16.0.7',
382 silly audit report       cwe: [Array],
382 silly audit report       cvss: [Object]
382 silly audit report     }
382 silly audit report   ],
382 silly audit report   xlsx: [
382 silly audit report     {
382 silly audit report       id: 1108110,
382 silly audit report       url: 'https://github.com/advisories/GHSA-4r6h-8v6p-xvw6',
382 silly audit report       title: 'Prototype Pollution in sheetJS',
382 silly audit report       severity: 'high',
382 silly audit report       vulnerable_versions: '<0.19.3',
382 silly audit report       cwe: [Array],
382 silly audit report       cvss: [Object]
382 silly audit report     },
382 silly audit report     {
382 silly audit report       id: 1108111,
382 silly audit report       url: 'https://github.com/advisories/GHSA-5pgg-2g8v-p4x9',
382 silly audit report       title: 'SheetJS Regular Expression Denial of Service (ReDoS)',
382 silly audit report       severity: 'high',
382 silly audit report       vulnerable_versions: '<0.20.2',
382 silly audit report       cwe: [Array],
382 silly audit report       cvss: [Object]
382 silly audit report     }
382 silly audit report   ]
382 silly audit report }
383 silly packumentCache corgi:https://registry.npmjs.org/next cache-miss
384 silly packumentCache corgi:https://registry.npmjs.org/xlsx cache-miss
385 http fetch GET 200 https://registry.npmjs.org/@types/d3-path/-/d3-path-3.1.1.tgz 376ms (cache miss)
386 http fetch GET 200 https://registry.npmjs.org/d3-array/-/d3-array-3.2.4.tgz 380ms (cache miss)
387 http fetch GET 200 https://registry.npmjs.org/d3-timer/-/d3-timer-3.0.1.tgz 388ms (cache miss)
388 http fetch GET 200 https://registry.npmjs.org/d3-format/-/d3-format-3.1.0.tgz 397ms (cache miss)
389 http fetch GET 200 https://registry.npmjs.org/d3-time-format/-/d3-time-format-4.1.0.tgz 408ms (cache miss)
390 http fetch GET 200 https://registry.npmjs.org/d3-color/-/d3-color-3.1.0.tgz 416ms (cache miss)
391 http fetch GET 200 https://registry.npmjs.org/@types/d3-timer/-/d3-timer-3.0.2.tgz 448ms (cache miss)
392 http fetch GET 200 https://registry.npmjs.org/@types/d3-time/-/d3-time-3.0.4.tgz 448ms (cache miss)
393 http fetch GET 200 https://registry.npmjs.org/@types/d3-shape/-/d3-shape-3.1.7.tgz 476ms (cache miss)
394 http fetch GET 200 https://registry.npmjs.org/@types/d3-scale/-/d3-scale-4.0.9.tgz 486ms (cache miss)
395 http fetch GET 200 https://registry.npmjs.org/@types/d3-ease/-/d3-ease-3.0.2.tgz 488ms (cache miss)
396 http fetch GET 200 https://registry.npmjs.org/@types/d3-array/-/d3-array-3.2.2.tgz 500ms (cache miss)
397 http fetch GET 200 https://registry.npmjs.org/@types/d3-interpolate/-/d3-interpolate-3.0.4.tgz 514ms (cache miss)
398 http fetch GET 200 https://registry.npmjs.org/react-transition-group/-/react-transition-group-4.4.5.tgz 537ms (cache miss)
399 http fetch GET 200 https://registry.npmjs.org/dom-helpers/-/dom-helpers-5.2.1.tgz 560ms (cache miss)
400 http fetch GET 200 https://registry.npmjs.org/decimal.js-light/-/decimal.js-light-2.5.1.tgz 584ms (cache miss)
401 http fetch GET 200 https://registry.npmjs.org/@babel/runtime/-/runtime-7.28.4.tgz 584ms (cache miss)
402 http fetch GET 200 https://registry.npmjs.org/fast-equals/-/fast-equals-5.3.3.tgz 599ms (cache miss)
403 http fetch GET 200 https://registry.npmjs.org/tiny-invariant/-/tiny-invariant-1.3.3.tgz 644ms (cache miss)
404 http fetch GET 200 https://registry.npmjs.org/victory-vendor/-/victory-vendor-36.9.2.tgz 659ms (cache miss)
405 http fetch GET 200 https://registry.npmjs.org/recharts-scale/-/recharts-scale-0.4.5.tgz 671ms (cache miss)
406 http fetch GET 200 https://registry.npmjs.org/react-smooth/-/react-smooth-4.0.4.tgz 682ms (cache miss)
407 http fetch GET 200 https://registry.npmjs.org/clsx/-/clsx-2.1.1.tgz 795ms (cache miss)
408 http fetch GET 200 https://registry.npmjs.org/eventemitter3/-/eventemitter3-4.0.7.tgz 799ms (cache miss)
409 http fetch GET 200 https://registry.npmjs.org/react-is/-/react-is-18.3.1.tgz 830ms (cache miss)
410 http fetch GET 200 https://registry.npmjs.org/internmap/-/internmap-2.0.3.tgz 841ms (cache miss)
411 http fetch GET 200 https://registry.npmjs.org/xlsx 491ms (cache miss)
412 silly packumentCache corgi:https://registry.npmjs.org/xlsx set size:undefined disposed:false
413 http fetch GET 200 https://registry.npmjs.org/codepage/-/codepage-1.15.0.tgz 1003ms (cache miss)
414 http fetch GET 200 https://registry.npmjs.org/papaparse/-/papaparse-5.5.3.tgz 1023ms (cache miss)
415 http fetch GET 200 https://registry.npmjs.org/lodash/-/lodash-4.17.21.tgz 1284ms (cache miss)
416 http fetch GET 200 https://registry.npmjs.org/recharts/-/recharts-2.15.4.tgz 1553ms (cache miss)
417 http fetch GET 200 https://registry.npmjs.org/next 1281ms (cache miss)
418 silly packumentCache corgi:https://registry.npmjs.org/next set size:undefined disposed:false
419 http fetch GET 200 https://registry.npmjs.org/xlsx/-/xlsx-0.18.5.tgz 2130ms (cache miss)
420 silly ADD node_modules/frac
421 silly ADD node_modules/word
422 silly ADD node_modules/wmf
423 silly ADD node_modules/ssf
424 silly ADD node_modules/crc-32
425 silly ADD node_modules/codepage
426 silly ADD node_modules/cfb
427 silly ADD node_modules/adler-32
428 silly ADD node_modules/d3-path
429 silly ADD node_modules/d3-time-format
430 silly ADD node_modules/d3-format
431 silly ADD node_modules/d3-color
432 silly ADD node_modules/internmap
433 silly ADD node_modules/@types/d3-path
434 silly ADD node_modules/@types/d3-color
435 silly ADD node_modules/d3-timer
436 silly ADD node_modules/d3-time
437 silly ADD node_modules/d3-shape
438 silly ADD node_modules/d3-scale
439 silly ADD node_modules/d3-interpolate
440 silly ADD node_modules/d3-ease
441 silly ADD node_modules/d3-array
442 silly ADD node_modules/@types/d3-timer
443 silly ADD node_modules/@types/d3-time
444 silly ADD node_modules/@types/d3-shape
445 silly ADD node_modules/@types/d3-scale
446 silly ADD node_modules/@types/d3-interpolate
447 silly ADD node_modules/@types/d3-ease
448 silly ADD node_modules/@types/d3-array
449 silly ADD node_modules/decimal.js-light
450 silly ADD node_modules/dom-helpers
451 silly ADD node_modules/@babel/runtime
452 silly ADD node_modules/react-transition-group
453 silly ADD node_modules/fast-equals
454 silly ADD node_modules/victory-vendor
455 silly ADD node_modules/tiny-invariant
456 silly ADD node_modules/recharts-scale
457 silly ADD node_modules/react-smooth
458 silly ADD node_modules/lodash
459 silly ADD node_modules/eventemitter3
460 silly ADD node_modules/clsx
461 silly ADD node_modules/xlsx
462 silly ADD node_modules/recharts
463 silly ADD node_modules/recharts/node_modules/react-is
464 silly ADD node_modules/papaparse
465 verbose cwd /Users/macbook/Desktop/2lapswebsite
466 verbose os Darwin 24.6.0
467 verbose node v25.1.0
468 verbose npm  v11.6.2
469 verbose exit 0
470 info ok
